<?xml version="1.0" encoding="UTF-8"?>
<!-- Generated by org.testng.reporters.JUnitReportReporter -->
<testsuite hostname="DESKTOP-SALM10G" failures="0" tests="1" name="IPS.Dasman.AdminloginTest" time="0.354" errors="0" timestamp="2022-03-23T13:40:56 EET" skipped="0">
  <testcase classname="IPS.Dasman.AdminloginTest" name="loginAsAdmin" time="0.354"/>
  <system-out/>
</testsuite> <!-- IPS.Dasman.AdminloginTest -->
