<?xml version="1.0" encoding="UTF-8"?>
<!-- Generated by org.testng.reporters.JUnitReportReporter -->
<testsuite hostname="DESKTOP-4FDI1PV" failures="0" tests="1" name="Register.NewVendor" time="38.743" errors="0" timestamp="2022-03-29T14:52:37 EET" skipped="0">
  <testcase classname="Register.NewVendor" name="RegisternewVendor" time="38.743"/>
  <system-out/>
</testsuite> <!-- Register.NewVendor -->
