<?xml version="1.0" encoding="UTF-8"?>
<!-- Generated by org.testng.reporters.JUnitReportReporter -->
<testsuite hostname="DESKTOP-SALM10G" failures="0" tests="1" name="IPS.Dasman.VendorLoginTest" time="35.722" errors="0" timestamp="2022-03-28T15:58:41 EET" skipped="0">
  <testcase classname="IPS.Dasman.VendorLoginTest" name="loginAsVendor" time="35.722"/>
  <system-out/>
</testsuite> <!-- IPS.Dasman.VendorLoginTest -->
