<?xml version="1.0" encoding="UTF-8"?>
<!-- Generated by org.testng.reporters.JUnitReportReporter -->
<testsuite hostname="DESKTOP-SALM10G" failures="0" tests="1" name="AdminCompany.UserRequestSearchTest" time="0.012" errors="0" timestamp="2022-03-28T13:48:07 EET" skipped="0">
  <testcase classname="AdminCompany.UserRequestSearchTest" name="SearchForVendorName" time="0.012"/>
  <system-out/>
</testsuite> <!-- AdminCompany.UserRequestSearchTest -->
